Flutter crash report.
Please report a bug at https://github.com/flutter/flutter/issues.

## command

flutter run --machine --start-paused -d 6296b870d6214c952d78c4fbde4e72179408e74c --devtools-server-address http://127.0.0.1:9100/ --target /Users/logic/Documents/GitHub/commission/lib/main.dart

## exception

HttpException: HttpException: Connection closed before full header was received, uri = http://127.0.0.1:52003/cjUTblsxQ6U=/ws

```
```

## flutter doctor

```
[✓] Flutter (Channel stable, 3.22.1, on macOS 14.1 23B74 darwin-arm64, locale en-IQ)
    • Flutter version 3.22.1 on channel stable at /Users/logic/Downloads/flutter
    • Upstream repository https://github.com/flutter/flutter.git
    • Framework revision a14f74ff3a (3 months ago), 2024-05-22 11:08:21 -0500
    • Engine revision 55eae6864b
    • Dart version 3.4.1
    • DevTools version 2.34.3

[!] Android toolchain - develop for Android devices (Android SDK version 35.0.0)
    • Android SDK at /Users/logic/Library/Android/sdk
    • Platform android-35, build-tools 35.0.0
    • Java binary at: /Applications/Android Studio.app/Contents/jbr/Contents/Home/bin/java
    • Java version OpenJDK Runtime Environment (build 17.0.11+0-17.0.11b1207.24-11852314)
    ! Some Android licenses not accepted. To resolve this, run: flutter doctor --android-licenses

[✓] Xcode - develop for iOS and macOS (Xcode 15.4)
    • Xcode at /Applications/Xcode.app/Contents/Developer
    • Build 15F31d
    • CocoaPods version 1.15.2

[✗] Chrome - develop for the web (Cannot find Chrome executable at /Applications/Google Chrome.app/Contents/MacOS/Google Chrome)
    ! Cannot find Chrome. Try setting CHROME_EXECUTABLE to a Chrome executable.

[✓] Android Studio (version 2024.1)
    • Android Studio at /Applications/Android Studio.app/Contents
    • Flutter plugin can be installed from:
      🔨 https://plugins.jetbrains.com/plugin/9212-flutter
    • Dart plugin can be installed from:
      🔨 https://plugins.jetbrains.com/plugin/6351-dart
    • Java version OpenJDK Runtime Environment (build 17.0.11+0-17.0.11b1207.24-11852314)

[✓] VS Code (version 1.92.1)
    • VS Code at /Applications/Visual Studio Code.app/Contents
    • Flutter extension version 3.94.0

[✓] Connected device (4 available)
    • Sai (mobile)                    • 00008110-00020DE43CE9801E                • ios          • iOS 18.0 22A5307f
    • 3D’s iPhone (10) (mobile)       • 6296b870d6214c952d78c4fbde4e72179408e74c • ios          • iOS 15.8 19H370
    • macOS (desktop)                 • macos                                    • darwin-arm64 • macOS 14.1 23B74 darwin-arm64
    • Mac Designed for iPad (desktop) • mac-designed-for-ipad                    • darwin       • macOS 14.1 23B74 darwin-arm64

[✓] Network resources
    • All expected network resources are available.

! Doctor found issues in 2 categories.
```
